  ControlPrincipal.cpp
C:\Users\wilso\OneDrive\Escritorio\Icloud\Mariano Galvez\Tercer año 2021\Segundo Semestre\Sistemas Operativos I\Tareas\Modulo 3\Fumador de Cigarros\Fumador de Cigarros\ControlPrincipal.h(2,10): warning C4067: símbolos (token) inesperados después de la directiva del preprocesador; se esperaba una nueva línea
C:\Users\wilso\OneDrive\Escritorio\Icloud\Mariano Galvez\Tercer año 2021\Segundo Semestre\Sistemas Operativos I\Tareas\Modulo 3\Fumador de Cigarros\Fumador de Cigarros\ControlPrincipal.h(3,9): warning C4067: símbolos (token) inesperados después de la directiva del preprocesador; se esperaba una nueva línea
C:\Users\wilso\OneDrive\Escritorio\Icloud\Mariano Galvez\Tercer año 2021\Segundo Semestre\Sistemas Operativos I\Tareas\Modulo 3\Fumador de Cigarros\Fumador de Cigarros\ControlPrincipal.h(4,9): warning C4067: símbolos (token) inesperados después de la directiva del preprocesador; se esperaba una nueva línea
C:\Users\wilso\OneDrive\Escritorio\Icloud\Mariano Galvez\Tercer año 2021\Segundo Semestre\Sistemas Operativos I\Tareas\Modulo 3\Fumador de Cigarros\Fumador de Cigarros\ControlPrincipal.h(5,9): warning C4067: símbolos (token) inesperados después de la directiva del preprocesador; se esperaba una nueva línea
C:\Users\wilso\OneDrive\Escritorio\Icloud\Mariano Galvez\Tercer año 2021\Segundo Semestre\Sistemas Operativos I\Tareas\Modulo 3\Fumador de Cigarros\Fumador de Cigarros\ControlPrincipal.h(6,9): warning C4067: símbolos (token) inesperados después de la directiva del preprocesador; se esperaba una nueva línea
C:\Users\wilso\OneDrive\Escritorio\Icloud\Mariano Galvez\Tercer año 2021\Segundo Semestre\Sistemas Operativos I\Tareas\Modulo 3\Fumador de Cigarros\Fumador de Cigarros\ControlPrincipal.h(7,9): warning C4067: símbolos (token) inesperados después de la directiva del preprocesador; se esperaba una nueva línea
C:\Users\wilso\OneDrive\Escritorio\Icloud\Mariano Galvez\Tercer año 2021\Segundo Semestre\Sistemas Operativos I\Tareas\Modulo 3\Fumador de Cigarros\Fumador de Cigarros\ControlPrincipal.h(8,9): warning C4067: símbolos (token) inesperados después de la directiva del preprocesador; se esperaba una nueva línea
C:\Users\wilso\OneDrive\Escritorio\Icloud\Mariano Galvez\Tercer año 2021\Segundo Semestre\Sistemas Operativos I\Tareas\Modulo 3\Fumador de Cigarros\Fumador de Cigarros\ControlPrincipal.h(9,9): warning C4067: símbolos (token) inesperados después de la directiva del preprocesador; se esperaba una nueva línea
C:\Users\wilso\OneDrive\Escritorio\Icloud\Mariano Galvez\Tercer año 2021\Segundo Semestre\Sistemas Operativos I\Tareas\Modulo 3\Fumador de Cigarros\Fumador de Cigarros\ControlPrincipal.h(10,9): warning C4067: símbolos (token) inesperados después de la directiva del preprocesador; se esperaba una nueva línea
C:\Users\wilso\OneDrive\Escritorio\Icloud\Mariano Galvez\Tercer año 2021\Segundo Semestre\Sistemas Operativos I\Tareas\Modulo 3\Fumador de Cigarros\Fumador de Cigarros\ControlPrincipal.h(72,21): warning C4018: '<': no coinciden signed/unsigned
C:\Users\wilso\OneDrive\Escritorio\Icloud\Mariano Galvez\Tercer año 2021\Segundo Semestre\Sistemas Operativos I\Tareas\Modulo 3\Fumador de Cigarros\Fumador de Cigarros\ControlPrincipal.h(87,21): warning C4018: '<': no coinciden signed/unsigned
C:\Users\wilso\OneDrive\Escritorio\Icloud\Mariano Galvez\Tercer año 2021\Segundo Semestre\Sistemas Operativos I\Tareas\Modulo 3\Fumador de Cigarros\Fumador de Cigarros\ControlPrincipal.h(102,21): warning C4018: '<': no coinciden signed/unsigned
C:\Users\wilso\OneDrive\Escritorio\Icloud\Mariano Galvez\Tercer año 2021\Segundo Semestre\Sistemas Operativos I\Tareas\Modulo 3\Fumador de Cigarros\Fumador de Cigarros\ControlPrincipal.h(173,13): warning C4244: 'argumento': conversión de 'time_t' a 'unsigned int'; posible pérdida de datos
C:\Users\wilso\OneDrive\Escritorio\Icloud\Mariano Galvez\Tercer año 2021\Segundo Semestre\Sistemas Operativos I\Tareas\Modulo 3\Fumador de Cigarros\Fumador de Cigarros\ControlPrincipal.h(195,21): warning C4018: '<': no coinciden signed/unsigned
C:\Users\wilso\OneDrive\Escritorio\Icloud\Mariano Galvez\Tercer año 2021\Segundo Semestre\Sistemas Operativos I\Tareas\Modulo 3\Fumador de Cigarros\Fumador de Cigarros\ControlPrincipal.h(197,22): warning C4018: '<': no coinciden signed/unsigned
C:\Users\wilso\OneDrive\Escritorio\Icloud\Mariano Galvez\Tercer año 2021\Segundo Semestre\Sistemas Operativos I\Tareas\Modulo 3\Fumador de Cigarros\Fumador de Cigarros\ControlPrincipal.h(223,21): warning C4018: '<': no coinciden signed/unsigned
C:\Users\wilso\OneDrive\Escritorio\Icloud\Mariano Galvez\Tercer año 2021\Segundo Semestre\Sistemas Operativos I\Tareas\Modulo 3\Fumador de Cigarros\Fumador de Cigarros\ControlPrincipal.h(225,22): warning C4018: '<': no coinciden signed/unsigned
C:\Users\wilso\OneDrive\Escritorio\Icloud\Mariano Galvez\Tercer año 2021\Segundo Semestre\Sistemas Operativos I\Tareas\Modulo 3\Fumador de Cigarros\Fumador de Cigarros\ControlPrincipal.h(297,21): warning C4018: '<': no coinciden signed/unsigned
C:\Users\wilso\OneDrive\Escritorio\Icloud\Mariano Galvez\Tercer año 2021\Segundo Semestre\Sistemas Operativos I\Tareas\Modulo 3\Fumador de Cigarros\Fumador de Cigarros\ControlPrincipal.h(338,21): warning C4018: '<': no coinciden signed/unsigned
C:\Users\wilso\OneDrive\Escritorio\Icloud\Mariano Galvez\Tercer año 2021\Segundo Semestre\Sistemas Operativos I\Tareas\Modulo 3\Fumador de Cigarros\Fumador de Cigarros\ControlPrincipal.h(325,15): warning C4101: 'casteo2': variable local sin referencia
  NuevoProSO.cpp
C:\Users\wilso\OneDrive\Escritorio\Icloud\Mariano Galvez\Tercer año 2021\Segundo Semestre\Sistemas Operativos I\Tareas\Modulo 3\Fumador de Cigarros\Fumador de Cigarros\NuevoProSO.h(5,10): warning C4067: símbolos (token) inesperados después de la directiva del preprocesador; se esperaba una nueva línea
C:\Users\wilso\OneDrive\Escritorio\Icloud\Mariano Galvez\Tercer año 2021\Segundo Semestre\Sistemas Operativos I\Tareas\Modulo 3\Fumador de Cigarros\Fumador de Cigarros\NuevoProSO.h(6,10): warning C4067: símbolos (token) inesperados después de la directiva del preprocesador; se esperaba una nueva línea
C:\Users\wilso\OneDrive\Escritorio\Icloud\Mariano Galvez\Tercer año 2021\Segundo Semestre\Sistemas Operativos I\Tareas\Modulo 3\Fumador de Cigarros\Fumador de Cigarros\ControlPrincipal.h(2,10): warning C4067: símbolos (token) inesperados después de la directiva del preprocesador; se esperaba una nueva línea
C:\Users\wilso\OneDrive\Escritorio\Icloud\Mariano Galvez\Tercer año 2021\Segundo Semestre\Sistemas Operativos I\Tareas\Modulo 3\Fumador de Cigarros\Fumador de Cigarros\ControlPrincipal.h(3,9): warning C4067: símbolos (token) inesperados después de la directiva del preprocesador; se esperaba una nueva línea
C:\Users\wilso\OneDrive\Escritorio\Icloud\Mariano Galvez\Tercer año 2021\Segundo Semestre\Sistemas Operativos I\Tareas\Modulo 3\Fumador de Cigarros\Fumador de Cigarros\ControlPrincipal.h(4,9): warning C4067: símbolos (token) inesperados después de la directiva del preprocesador; se esperaba una nueva línea
C:\Users\wilso\OneDrive\Escritorio\Icloud\Mariano Galvez\Tercer año 2021\Segundo Semestre\Sistemas Operativos I\Tareas\Modulo 3\Fumador de Cigarros\Fumador de Cigarros\ControlPrincipal.h(5,9): warning C4067: símbolos (token) inesperados después de la directiva del preprocesador; se esperaba una nueva línea
C:\Users\wilso\OneDrive\Escritorio\Icloud\Mariano Galvez\Tercer año 2021\Segundo Semestre\Sistemas Operativos I\Tareas\Modulo 3\Fumador de Cigarros\Fumador de Cigarros\ControlPrincipal.h(6,9): warning C4067: símbolos (token) inesperados después de la directiva del preprocesador; se esperaba una nueva línea
C:\Users\wilso\OneDrive\Escritorio\Icloud\Mariano Galvez\Tercer año 2021\Segundo Semestre\Sistemas Operativos I\Tareas\Modulo 3\Fumador de Cigarros\Fumador de Cigarros\ControlPrincipal.h(7,9): warning C4067: símbolos (token) inesperados después de la directiva del preprocesador; se esperaba una nueva línea
C:\Users\wilso\OneDrive\Escritorio\Icloud\Mariano Galvez\Tercer año 2021\Segundo Semestre\Sistemas Operativos I\Tareas\Modulo 3\Fumador de Cigarros\Fumador de Cigarros\ControlPrincipal.h(8,9): warning C4067: símbolos (token) inesperados después de la directiva del preprocesador; se esperaba una nueva línea
C:\Users\wilso\OneDrive\Escritorio\Icloud\Mariano Galvez\Tercer año 2021\Segundo Semestre\Sistemas Operativos I\Tareas\Modulo 3\Fumador de Cigarros\Fumador de Cigarros\ControlPrincipal.h(9,9): warning C4067: símbolos (token) inesperados después de la directiva del preprocesador; se esperaba una nueva línea
C:\Users\wilso\OneDrive\Escritorio\Icloud\Mariano Galvez\Tercer año 2021\Segundo Semestre\Sistemas Operativos I\Tareas\Modulo 3\Fumador de Cigarros\Fumador de Cigarros\ControlPrincipal.h(10,9): warning C4067: símbolos (token) inesperados después de la directiva del preprocesador; se esperaba una nueva línea
C:\Users\wilso\OneDrive\Escritorio\Icloud\Mariano Galvez\Tercer año 2021\Segundo Semestre\Sistemas Operativos I\Tareas\Modulo 3\Fumador de Cigarros\Fumador de Cigarros\ControlPrincipal.h(72,21): warning C4018: '<': no coinciden signed/unsigned
C:\Users\wilso\OneDrive\Escritorio\Icloud\Mariano Galvez\Tercer año 2021\Segundo Semestre\Sistemas Operativos I\Tareas\Modulo 3\Fumador de Cigarros\Fumador de Cigarros\ControlPrincipal.h(87,21): warning C4018: '<': no coinciden signed/unsigned
C:\Users\wilso\OneDrive\Escritorio\Icloud\Mariano Galvez\Tercer año 2021\Segundo Semestre\Sistemas Operativos I\Tareas\Modulo 3\Fumador de Cigarros\Fumador de Cigarros\ControlPrincipal.h(102,21): warning C4018: '<': no coinciden signed/unsigned
C:\Users\wilso\OneDrive\Escritorio\Icloud\Mariano Galvez\Tercer año 2021\Segundo Semestre\Sistemas Operativos I\Tareas\Modulo 3\Fumador de Cigarros\Fumador de Cigarros\ControlPrincipal.h(173,13): warning C4244: 'argumento': conversión de 'time_t' a 'unsigned int'; posible pérdida de datos
C:\Users\wilso\OneDrive\Escritorio\Icloud\Mariano Galvez\Tercer año 2021\Segundo Semestre\Sistemas Operativos I\Tareas\Modulo 3\Fumador de Cigarros\Fumador de Cigarros\ControlPrincipal.h(195,21): warning C4018: '<': no coinciden signed/unsigned
C:\Users\wilso\OneDrive\Escritorio\Icloud\Mariano Galvez\Tercer año 2021\Segundo Semestre\Sistemas Operativos I\Tareas\Modulo 3\Fumador de Cigarros\Fumador de Cigarros\ControlPrincipal.h(197,22): warning C4018: '<': no coinciden signed/unsigned
C:\Users\wilso\OneDrive\Escritorio\Icloud\Mariano Galvez\Tercer año 2021\Segundo Semestre\Sistemas Operativos I\Tareas\Modulo 3\Fumador de Cigarros\Fumador de Cigarros\ControlPrincipal.h(223,21): warning C4018: '<': no coinciden signed/unsigned
C:\Users\wilso\OneDrive\Escritorio\Icloud\Mariano Galvez\Tercer año 2021\Segundo Semestre\Sistemas Operativos I\Tareas\Modulo 3\Fumador de Cigarros\Fumador de Cigarros\ControlPrincipal.h(225,22): warning C4018: '<': no coinciden signed/unsigned
C:\Users\wilso\OneDrive\Escritorio\Icloud\Mariano Galvez\Tercer año 2021\Segundo Semestre\Sistemas Operativos I\Tareas\Modulo 3\Fumador de Cigarros\Fumador de Cigarros\ControlPrincipal.h(297,21): warning C4018: '<': no coinciden signed/unsigned
C:\Users\wilso\OneDrive\Escritorio\Icloud\Mariano Galvez\Tercer año 2021\Segundo Semestre\Sistemas Operativos I\Tareas\Modulo 3\Fumador de Cigarros\Fumador de Cigarros\ControlPrincipal.h(338,21): warning C4018: '<': no coinciden signed/unsigned
C:\Users\wilso\OneDrive\Escritorio\Icloud\Mariano Galvez\Tercer año 2021\Segundo Semestre\Sistemas Operativos I\Tareas\Modulo 3\Fumador de Cigarros\Fumador de Cigarros\ControlPrincipal.h(325,15): warning C4101: 'casteo2': variable local sin referencia
  Generando código...
C:\Users\wilso\OneDrive\Escritorio\Icloud\Mariano Galvez\Tercer año 2021\Segundo Semestre\Sistemas Operativos I\Tareas\Modulo 3\Fumador de Cigarros\Fumador de Cigarros\ControlPrincipal.h(186): warning C4715: 'ControlPrincipal::GeneraNumeroAleatorio': no todas las rutas de acceso de control devuelven un valor
  Fumador de Cigarros.vcxproj -> C:\Users\wilso\OneDrive\Escritorio\Icloud\Mariano Galvez\Tercer año 2021\Segundo Semestre\Sistemas Operativos I\Tareas\Modulo 3\Fumador de Cigarros\Debug\Fumador de Cigarros.exe
